# JRE version: OpenJDK Runtime Environment Corretto-21.0.2.13.1 (21.0.2+13) (build 21.0.2+13-LTS)
# Java VM: OpenJDK 64-Bit Server VM Corretto-21.0.2.13.1 (21.0.2+13-LTS, mixed mode, sharing, tiered, compressed oops, compressed class ptrs, g1 gc, windows-amd64)
GC Precious Log:
 CardTable entry size: 512
 Card Set container configuration: InlinePtr #cards 4 size 8 Array Of Cards #cards 32 size 80 Howl #buckets 8 coarsen threshold 7372 Howl Bitmap #cards 1024 size 144 coarsen threshold 921 Card regions per heap region 1 cards per card region 8192
 CPUs: 32 total, 32 available
 Memory: 32475M
 Large Page Support: Disabled
 NUMA Support: Disabled
 Compressed Oops: Enabled (Zero based)
 Heap Region Size: 4M
 Heap Min Capacity: 8M
 Heap Initial Capacity: 508M
 Heap Max Capacity: 8120M
 Pre-touch: Disabled
 Parallel Workers: 23
 Concurrent Workers: 6
 Concurrent Refinement Workers: 23
 Periodic GC: Disabled
Heap:
 garbage-first heap   total 114688K, used 77534K [0x0000000604800000, 0x0000000800000000)
  region size 4096K, 15 young (61440K), 1 survivors (4096K)
 Metaspace       used 31029K, committed 31424K, reserved 1114112K
  class space    used 3049K, committed 3264K, reserved 1048576K
GC Heap History (20 events):
Event: 22.751 GC heap before
{Heap before GC invocations=23 (full 0):
 garbage-first heap   total 114688K, used 85713K [0x0000000604800000, 0x0000000800000000)
  region size 4096K, 16 young (65536K), 1 survivors (4096K)
 Metaspace       used 31026K, committed 31424K, reserved 1114112K
  class space    used 3049K, committed 3264K, reserved 1048576K
}
Event: 22.752 GC heap after
{Heap after GC invocations=24 (full 0):
 garbage-first heap   total 114688K, used 24274K [0x0000000604800000, 0x0000000800000000)
  region size 4096K, 1 young (4096K), 1 survivors (4096K)
 Metaspace       used 31026K, committed 31424K, reserved 1114112K
  class space    used 3049K, committed 3264K, reserved 1048576K
}
Event: 23.807 GC heap before
{Heap before GC invocations=24 (full 0):
 garbage-first heap   total 114688K, used 85714K [0x0000000604800000, 0x0000000800000000)
  region size 4096K, 16 young (65536K), 1 survivors (4096K)
 Metaspace       used 31026K, committed 31424K, reserved 1114112K
  class space    used 3049K, committed 3264K, reserved 1048576K
}
Event: 23.807 GC heap after
{Heap after GC invocations=25 (full 0):
 garbage-first heap   total 114688K, used 24284K [0x0000000604800000, 0x0000000800000000)
  region size 4096K, 1 young (4096K), 1 survivors (4096K)
 Metaspace       used 31026K, committed 31424K, reserved 1114112K
  class space    used 3049K, committed 3264K, reserved 1048576K
}
Event: 24.866 GC heap before
{Heap before GC invocations=25 (full 0):
 garbage-first heap   total 114688K, used 85724K [0x0000000604800000, 0x0000000800000000)
  region size 4096K, 16 young (65536K), 1 survivors (4096K)
 Metaspace       used 31026K, committed 31424K, reserved 1114112K
  class space    used 3049K, committed 3264K, reserved 1048576K
}
Event: 24.867 GC heap after
{Heap after GC invocations=26 (full 0):
 garbage-first heap   total 114688K, used 24283K [0x0000000604800000, 0x0000000800000000)
  region size 4096K, 1 young (4096K), 1 survivors (4096K)
 Metaspace       used 31026K, committed 31424K, reserved 1114112K
  class space    used 3049K, committed 3264K, reserved 1048576K
}
Event: 25.929 GC heap before
{Heap before GC invocations=26 (full 0):
 garbage-first heap   total 114688K, used 85723K [0x0000000604800000, 0x0000000800000000)
  region size 4096K, 16 young (65536K), 1 survivors (4096K)
 Metaspace       used 31026K, committed 31424K, reserved 1114112K
  class space    used 3049K, committed 3264K, reserved 1048576K
}
Event: 25.929 GC heap after
{Heap after GC invocations=27 (full 0):
 garbage-first heap   total 114688K, used 24281K [0x0000000604800000, 0x0000000800000000)
  region size 4096K, 1 young (4096K), 1 survivors (4096K)
 Metaspace       used 31026K, committed 31424K, reserved 1114112K
  class space    used 3049K, committed 3264K, reserved 1048576K
}
Event: 26.984 GC heap before
{Heap before GC invocations=27 (full 0):
 garbage-first heap   total 114688K, used 85721K [0x0000000604800000, 0x0000000800000000)
  region size 4096K, 16 young (65536K), 1 survivors (4096K)
 Metaspace       used 31026K, committed 31424K, reserved 1114112K
  class space    used 3049K, committed 3264K, reserved 1048576K
}
Event: 26.985 GC heap after
{Heap after GC invocations=28 (full 0):
 garbage-first heap   total 114688K, used 24280K [0x0000000604800000, 0x0000000800000000)
  region size 4096K, 1 young (4096K), 1 survivors (4096K)
 Metaspace       used 31026K, committed 31424K, reserved 1114112K
  class space    used 3049K, committed 3264K, reserved 1048576K
}
Event: 28.044 GC heap before
{Heap before GC invocations=28 (full 0):
 garbage-first heap   total 114688K, used 85720K [0x0000000604800000, 0x0000000800000000)
  region size 4096K, 16 young (65536K), 1 survivors (4096K)
 Metaspace       used 31026K, committed 31424K, reserved 1114112K
  class space    used 3049K, committed 3264K, reserved 1048576K
}
Event: 28.044 GC heap after
{Heap after GC invocations=29 (full 0):
 garbage-first heap   total 114688K, used 24279K [0x0000000604800000, 0x0000000800000000)
  region size 4096K, 1 young (4096K), 1 survivors (4096K)
 Metaspace       used 31026K, committed 31424K, reserved 1114112K
  class space    used 3049K, committed 3264K, reserved 1048576K
}
Event: 29.107 GC heap before
{Heap before GC invocations=29 (full 0):
 garbage-first heap   total 114688K, used 85719K [0x0000000604800000, 0x0000000800000000)
  region size 4096K, 16 young (65536K), 1 survivors (4096K)
 Metaspace       used 31026K, committed 31424K, reserved 1114112K
  class space    used 3049K, committed 3264K, reserved 1048576K
}
Event: 29.107 GC heap after
{Heap after GC invocations=30 (full 0):
 garbage-first heap   total 114688K, used 24282K [0x0000000604800000, 0x0000000800000000)
  region size 4096K, 1 young (4096K), 1 survivors (4096K)
 Metaspace       used 31026K, committed 31424K, reserved 1114112K
  class space    used 3049K, committed 3264K, reserved 1048576K
}
Event: 30.162 GC heap before
{Heap before GC invocations=30 (full 0):
 garbage-first heap   total 114688K, used 85722K [0x0000000604800000, 0x0000000800000000)
  region size 4096K, 16 young (65536K), 1 survivors (4096K)
 Metaspace       used 31026K, committed 31424K, reserved 1114112K
  class space    used 3049K, committed 3264K, reserved 1048576K
}
Event: 30.163 GC heap after
{Heap after GC invocations=31 (full 0):
 garbage-first heap   total 114688K, used 24283K [0x0000000604800000, 0x0000000800000000)
  region size 4096K, 1 young (4096K), 1 survivors (4096K)
 Metaspace       used 31026K, committed 31424K, reserved 1114112K
  class space    used 3049K, committed 3264K, reserved 1048576K
}
Event: 31.225 GC heap before
{Heap before GC invocations=31 (full 0):
 garbage-first heap   total 114688K, used 85723K [0x0000000604800000, 0x0000000800000000)
  region size 4096K, 16 young (65536K), 1 survivors (4096K)
 Metaspace       used 31026K, committed 31424K, reserved 1114112K
  class space    used 3049K, committed 3264K, reserved 1048576K
}
Event: 31.226 GC heap after
{Heap after GC invocations=32 (full 0):
 garbage-first heap   total 114688K, used 24284K [0x0000000604800000, 0x0000000800000000)
  region size 4096K, 1 young (4096K), 1 survivors (4096K)
 Metaspace       used 31026K, committed 31424K, reserved 1114112K
  class space    used 3049K, committed 3264K, reserved 1048576K
}
Event: 32.288 GC heap before
{Heap before GC invocations=32 (full 0):
 garbage-first heap   total 114688K, used 85724K [0x0000000604800000, 0x0000000800000000)
  region size 4096K, 16 young (65536K), 1 survivors (4096K)
 Metaspace       used 31026K, committed 31424K, reserved 1114112K
  class space    used 3049K, committed 3264K, reserved 1048576K
}
Event: 32.289 GC heap after
{Heap after GC invocations=33 (full 0):
 garbage-first heap   total 114688K, used 24286K [0x0000000604800000, 0x0000000800000000)
  region size 4096K, 1 young (4096K), 1 survivors (4096K)
 Metaspace       used 31026K, committed 31424K, reserved 1114112K
  class space    used 3049K, committed 3264K, reserved 1048576K
}

