# JRE version: OpenJDK Runtime Environment Corretto-21.0.2.13.1 (21.0.2+13) (build 21.0.2+13-LTS)
# Java VM: OpenJDK 64-Bit Server VM Corretto-21.0.2.13.1 (21.0.2+13-LTS, mixed mode, sharing, tiered, compressed oops, compressed class ptrs, g1 gc, windows-amd64)
GC Precious Log:
 CardTable entry size: 512
 Card Set container configuration: InlinePtr #cards 4 size 8 Array Of Cards #cards 32 size 80 Howl #buckets 8 coarsen threshold 7372 Howl Bitmap #cards 1024 size 144 coarsen threshold 921 Card regions per heap region 1 cards per card region 8192
 CPUs: 32 total, 32 available
 Memory: 32475M
 Large Page Support: Disabled
 NUMA Support: Disabled
 Compressed Oops: Enabled (Zero based)
 Heap Region Size: 4M
 Heap Min Capacity: 8M
 Heap Initial Capacity: 508M
 Heap Max Capacity: 8120M
 Pre-touch: Disabled
 Parallel Workers: 23
 Concurrent Workers: 6
 Concurrent Refinement Workers: 23
 Periodic GC: Disabled
Heap:
 garbage-first heap   total 114688K, used 69538K [0x0000000604800000, 0x0000000800000000)
  region size 4096K, 13 young (53248K), 1 survivors (4096K)
 Metaspace       used 30981K, committed 31424K, reserved 1114112K
  class space    used 3048K, committed 3264K, reserved 1048576K
GC Heap History (20 events):
Event: 43.322 GC heap before
{Heap before GC invocations=42 (full 0):
 garbage-first heap   total 114688K, used 85915K [0x0000000604800000, 0x0000000800000000)
  region size 4096K, 16 young (65536K), 1 survivors (4096K)
 Metaspace       used 30978K, committed 31424K, reserved 1114112K
  class space    used 3048K, committed 3264K, reserved 1048576K
}
Event: 43.323 GC heap after
{Heap after GC invocations=43 (full 0):
 garbage-first heap   total 114688K, used 24477K [0x0000000604800000, 0x0000000800000000)
  region size 4096K, 1 young (4096K), 1 survivors (4096K)
 Metaspace       used 30978K, committed 31424K, reserved 1114112K
  class space    used 3048K, committed 3264K, reserved 1048576K
}
Event: 44.370 GC heap before
{Heap before GC invocations=43 (full 0):
 garbage-first heap   total 114688K, used 85917K [0x0000000604800000, 0x0000000800000000)
  region size 4096K, 16 young (65536K), 1 survivors (4096K)
 Metaspace       used 30978K, committed 31424K, reserved 1114112K
  class space    used 3048K, committed 3264K, reserved 1048576K
}
Event: 44.371 GC heap after
{Heap after GC invocations=44 (full 0):
 garbage-first heap   total 114688K, used 24559K [0x0000000604800000, 0x0000000800000000)
  region size 4096K, 1 young (4096K), 1 survivors (4096K)
 Metaspace       used 30978K, committed 31424K, reserved 1114112K
  class space    used 3048K, committed 3264K, reserved 1048576K
}
Event: 45.418 GC heap before
{Heap before GC invocations=44 (full 0):
 garbage-first heap   total 114688K, used 85999K [0x0000000604800000, 0x0000000800000000)
  region size 4096K, 16 young (65536K), 1 survivors (4096K)
 Metaspace       used 30978K, committed 31424K, reserved 1114112K
  class space    used 3048K, committed 3264K, reserved 1048576K
}
Event: 45.419 GC heap after
{Heap after GC invocations=45 (full 0):
 garbage-first heap   total 114688K, used 24487K [0x0000000604800000, 0x0000000800000000)
  region size 4096K, 1 young (4096K), 1 survivors (4096K)
 Metaspace       used 30978K, committed 31424K, reserved 1114112K
  class space    used 3048K, committed 3264K, reserved 1048576K
}
Event: 46.463 GC heap before
{Heap before GC invocations=45 (full 0):
 garbage-first heap   total 114688K, used 85927K [0x0000000604800000, 0x0000000800000000)
  region size 4096K, 16 young (65536K), 1 survivors (4096K)
 Metaspace       used 30978K, committed 31424K, reserved 1114112K
  class space    used 3048K, committed 3264K, reserved 1048576K
}
Event: 46.464 GC heap after
{Heap after GC invocations=46 (full 0):
 garbage-first heap   total 114688K, used 24477K [0x0000000604800000, 0x0000000800000000)
  region size 4096K, 1 young (4096K), 1 survivors (4096K)
 Metaspace       used 30978K, committed 31424K, reserved 1114112K
  class space    used 3048K, committed 3264K, reserved 1048576K
}
Event: 47.511 GC heap before
{Heap before GC invocations=46 (full 0):
 garbage-first heap   total 114688K, used 85917K [0x0000000604800000, 0x0000000800000000)
  region size 4096K, 16 young (65536K), 1 survivors (4096K)
 Metaspace       used 30978K, committed 31424K, reserved 1114112K
  class space    used 3048K, committed 3264K, reserved 1048576K
}
Event: 47.512 GC heap after
{Heap after GC invocations=47 (full 0):
 garbage-first heap   total 114688K, used 24480K [0x0000000604800000, 0x0000000800000000)
  region size 4096K, 1 young (4096K), 1 survivors (4096K)
 Metaspace       used 30978K, committed 31424K, reserved 1114112K
  class space    used 3048K, committed 3264K, reserved 1048576K
}
Event: 48.559 GC heap before
{Heap before GC invocations=47 (full 0):
 garbage-first heap   total 114688K, used 85920K [0x0000000604800000, 0x0000000800000000)
  region size 4096K, 16 young (65536K), 1 survivors (4096K)
 Metaspace       used 30978K, committed 31424K, reserved 1114112K
  class space    used 3048K, committed 3264K, reserved 1048576K
}
Event: 48.560 GC heap after
{Heap after GC invocations=48 (full 0):
 garbage-first heap   total 114688K, used 24480K [0x0000000604800000, 0x0000000800000000)
  region size 4096K, 1 young (4096K), 1 survivors (4096K)
 Metaspace       used 30978K, committed 31424K, reserved 1114112K
  class space    used 3048K, committed 3264K, reserved 1048576K
}
Event: 49.607 GC heap before
{Heap before GC invocations=48 (full 0):
 garbage-first heap   total 114688K, used 85920K [0x0000000604800000, 0x0000000800000000)
  region size 4096K, 16 young (65536K), 1 survivors (4096K)
 Metaspace       used 30978K, committed 31424K, reserved 1114112K
  class space    used 3048K, committed 3264K, reserved 1048576K
}
Event: 49.608 GC heap after
{Heap after GC invocations=49 (full 0):
 garbage-first heap   total 114688K, used 24485K [0x0000000604800000, 0x0000000800000000)
  region size 4096K, 1 young (4096K), 1 survivors (4096K)
 Metaspace       used 30978K, committed 31424K, reserved 1114112K
  class space    used 3048K, committed 3264K, reserved 1048576K
}
Event: 50.656 GC heap before
{Heap before GC invocations=49 (full 0):
 garbage-first heap   total 114688K, used 85925K [0x0000000604800000, 0x0000000800000000)
  region size 4096K, 16 young (65536K), 1 survivors (4096K)
 Metaspace       used 30978K, committed 31424K, reserved 1114112K
  class space    used 3048K, committed 3264K, reserved 1048576K
}
Event: 50.656 GC heap after
{Heap after GC invocations=50 (full 0):
 garbage-first heap   total 114688K, used 24553K [0x0000000604800000, 0x0000000800000000)
  region size 4096K, 1 young (4096K), 1 survivors (4096K)
 Metaspace       used 30978K, committed 31424K, reserved 1114112K
  class space    used 3048K, committed 3264K, reserved 1048576K
}
Event: 51.707 GC heap before
{Heap before GC invocations=50 (full 0):
 garbage-first heap   total 114688K, used 85993K [0x0000000604800000, 0x0000000800000000)
  region size 4096K, 16 young (65536K), 1 survivors (4096K)
 Metaspace       used 30978K, committed 31424K, reserved 1114112K
  class space    used 3048K, committed 3264K, reserved 1048576K
}
Event: 51.708 GC heap after
{Heap after GC invocations=51 (full 0):
 garbage-first heap   total 114688K, used 24484K [0x0000000604800000, 0x0000000800000000)
  region size 4096K, 1 young (4096K), 1 survivors (4096K)
 Metaspace       used 30978K, committed 31424K, reserved 1114112K
  class space    used 3048K, committed 3264K, reserved 1048576K
}
Event: 52.752 GC heap before
{Heap before GC invocations=51 (full 0):
 garbage-first heap   total 114688K, used 85924K [0x0000000604800000, 0x0000000800000000)
  region size 4096K, 16 young (65536K), 1 survivors (4096K)
 Metaspace       used 30978K, committed 31424K, reserved 1114112K
  class space    used 3048K, committed 3264K, reserved 1048576K
}
Event: 52.752 GC heap after
{Heap after GC invocations=52 (full 0):
 garbage-first heap   total 114688K, used 24482K [0x0000000604800000, 0x0000000800000000)
  region size 4096K, 1 young (4096K), 1 survivors (4096K)
 Metaspace       used 30978K, committed 31424K, reserved 1114112K
  class space    used 3048K, committed 3264K, reserved 1048576K
}

