# JRE version: OpenJDK Runtime Environment Corretto-21.0.2.13.1 (21.0.2+13) (build 21.0.2+13-LTS)
# Java VM: OpenJDK 64-Bit Server VM Corretto-21.0.2.13.1 (21.0.2+13-LTS, mixed mode, sharing, tiered, compressed oops, compressed class ptrs, g1 gc, windows-amd64)
GC Precious Log:
 CardTable entry size: 512
 Card Set container configuration: InlinePtr #cards 4 size 8 Array Of Cards #cards 32 size 80 Howl #buckets 8 coarsen threshold 7372 Howl Bitmap #cards 1024 size 144 coarsen threshold 921 Card regions per heap region 1 cards per card region 8192
 CPUs: 32 total, 32 available
 Memory: 32475M
 Large Page Support: Disabled
 NUMA Support: Disabled
 Compressed Oops: Enabled (Zero based)
 Heap Region Size: 4M
 Heap Min Capacity: 8M
 Heap Initial Capacity: 508M
 Heap Max Capacity: 8120M
 Pre-touch: Disabled
 Parallel Workers: 23
 Concurrent Workers: 6
 Concurrent Refinement Workers: 23
 Periodic GC: Disabled
Heap:
 garbage-first heap   total 114688K, used 31894K [0x0000000604800000, 0x0000000800000000)
  region size 4096K, 4 young (16384K), 1 survivors (4096K)
 Metaspace       used 31107K, committed 31552K, reserved 1114112K
  class space    used 3052K, committed 3264K, reserved 1048576K
GC Heap History (20 events):
Event: 13.831 GC heap before
{Heap before GC invocations=15 (full 0):
 garbage-first heap   total 114688K, used 84997K [0x0000000604800000, 0x0000000800000000)
  region size 4096K, 16 young (65536K), 1 survivors (4096K)
 Metaspace       used 30985K, committed 31424K, reserved 1114112K
  class space    used 3049K, committed 3264K, reserved 1048576K
}
Event: 13.833 GC heap after
{Heap after GC invocations=16 (full 0):
 garbage-first heap   total 114688K, used 23326K [0x0000000604800000, 0x0000000800000000)
  region size 4096K, 1 young (4096K), 1 survivors (4096K)
 Metaspace       used 30985K, committed 31424K, reserved 1114112K
  class space    used 3049K, committed 3264K, reserved 1048576K
}
Event: 14.890 GC heap before
{Heap before GC invocations=16 (full 0):
 garbage-first heap   total 114688K, used 84766K [0x0000000604800000, 0x0000000800000000)
  region size 4096K, 16 young (65536K), 1 survivors (4096K)
 Metaspace       used 30985K, committed 31424K, reserved 1114112K
  class space    used 3049K, committed 3264K, reserved 1048576K
}
Event: 14.892 GC heap after
{Heap after GC invocations=17 (full 0):
 garbage-first heap   total 114688K, used 23748K [0x0000000604800000, 0x0000000800000000)
  region size 4096K, 1 young (4096K), 1 survivors (4096K)
 Metaspace       used 30985K, committed 31424K, reserved 1114112K
  class space    used 3049K, committed 3264K, reserved 1048576K
}
Event: 16.005 GC heap before
{Heap before GC invocations=17 (full 0):
 garbage-first heap   total 114688K, used 85188K [0x0000000604800000, 0x0000000800000000)
  region size 4096K, 16 young (65536K), 1 survivors (4096K)
 Metaspace       used 30985K, committed 31424K, reserved 1114112K
  class space    used 3049K, committed 3264K, reserved 1048576K
}
Event: 16.007 GC heap after
{Heap after GC invocations=18 (full 0):
 garbage-first heap   total 114688K, used 23537K [0x0000000604800000, 0x0000000800000000)
  region size 4096K, 1 young (4096K), 1 survivors (4096K)
 Metaspace       used 30985K, committed 31424K, reserved 1114112K
  class space    used 3049K, committed 3264K, reserved 1048576K
}
Event: 17.060 GC heap before
{Heap before GC invocations=18 (full 0):
 garbage-first heap   total 114688K, used 84977K [0x0000000604800000, 0x0000000800000000)
  region size 4096K, 16 young (65536K), 1 survivors (4096K)
 Metaspace       used 30985K, committed 31424K, reserved 1114112K
  class space    used 3049K, committed 3264K, reserved 1048576K
}
Event: 17.063 GC heap after
{Heap after GC invocations=19 (full 0):
 garbage-first heap   total 114688K, used 23321K [0x0000000604800000, 0x0000000800000000)
  region size 4096K, 1 young (4096K), 1 survivors (4096K)
 Metaspace       used 30985K, committed 31424K, reserved 1114112K
  class space    used 3049K, committed 3264K, reserved 1048576K
}
Event: 21.841 GC heap before
{Heap before GC invocations=19 (full 0):
 garbage-first heap   total 114688K, used 84761K [0x0000000604800000, 0x0000000800000000)
  region size 4096K, 16 young (65536K), 1 survivors (4096K)
 Metaspace       used 30985K, committed 31424K, reserved 1114112K
  class space    used 3049K, committed 3264K, reserved 1048576K
}
Event: 21.843 GC heap after
{Heap after GC invocations=20 (full 0):
 garbage-first heap   total 114688K, used 23384K [0x0000000604800000, 0x0000000800000000)
  region size 4096K, 1 young (4096K), 1 survivors (4096K)
 Metaspace       used 30985K, committed 31424K, reserved 1114112K
  class space    used 3049K, committed 3264K, reserved 1048576K
}
Event: 26.607 GC heap before
{Heap before GC invocations=20 (full 0):
 garbage-first heap   total 114688K, used 84824K [0x0000000604800000, 0x0000000800000000)
  region size 4096K, 16 young (65536K), 1 survivors (4096K)
 Metaspace       used 30985K, committed 31424K, reserved 1114112K
  class space    used 3049K, committed 3264K, reserved 1048576K
}
Event: 26.610 GC heap after
{Heap after GC invocations=21 (full 0):
 garbage-first heap   total 114688K, used 23771K [0x0000000604800000, 0x0000000800000000)
  region size 4096K, 1 young (4096K), 1 survivors (4096K)
 Metaspace       used 30985K, committed 31424K, reserved 1114112K
  class space    used 3049K, committed 3264K, reserved 1048576K
}
Event: 31.358 GC heap before
{Heap before GC invocations=21 (full 0):
 garbage-first heap   total 114688K, used 85211K [0x0000000604800000, 0x0000000800000000)
  region size 4096K, 16 young (65536K), 1 survivors (4096K)
 Metaspace       used 30985K, committed 31424K, reserved 1114112K
  class space    used 3049K, committed 3264K, reserved 1048576K
}
Event: 31.358 GC heap after
{Heap after GC invocations=22 (full 0):
 garbage-first heap   total 114688K, used 23735K [0x0000000604800000, 0x0000000800000000)
  region size 4096K, 1 young (4096K), 1 survivors (4096K)
 Metaspace       used 30985K, committed 31424K, reserved 1114112K
  class space    used 3049K, committed 3264K, reserved 1048576K
}
Event: 35.992 GC heap before
{Heap before GC invocations=22 (full 0):
 garbage-first heap   total 114688K, used 85175K [0x0000000604800000, 0x0000000800000000)
  region size 4096K, 16 young (65536K), 1 survivors (4096K)
 Metaspace       used 31045K, committed 31488K, reserved 1114112K
  class space    used 3051K, committed 3264K, reserved 1048576K
}
Event: 35.992 GC heap after
{Heap after GC invocations=23 (full 0):
 garbage-first heap   total 114688K, used 23696K [0x0000000604800000, 0x0000000800000000)
  region size 4096K, 1 young (4096K), 1 survivors (4096K)
 Metaspace       used 31045K, committed 31488K, reserved 1114112K
  class space    used 3051K, committed 3264K, reserved 1048576K
}
Event: 40.692 GC heap before
{Heap before GC invocations=23 (full 0):
 garbage-first heap   total 114688K, used 85136K [0x0000000604800000, 0x0000000800000000)
  region size 4096K, 16 young (65536K), 1 survivors (4096K)
 Metaspace       used 31048K, committed 31488K, reserved 1114112K
  class space    used 3051K, committed 3264K, reserved 1048576K
}
Event: 40.692 GC heap after
{Heap after GC invocations=24 (full 0):
 garbage-first heap   total 114688K, used 23710K [0x0000000604800000, 0x0000000800000000)
  region size 4096K, 1 young (4096K), 1 survivors (4096K)
 Metaspace       used 31048K, committed 31488K, reserved 1114112K
  class space    used 3051K, committed 3264K, reserved 1048576K
}
Event: 45.411 GC heap before
{Heap before GC invocations=24 (full 0):
 garbage-first heap   total 114688K, used 85150K [0x0000000604800000, 0x0000000800000000)
  region size 4096K, 16 young (65536K), 1 survivors (4096K)
 Metaspace       used 31048K, committed 31488K, reserved 1114112K
  class space    used 3051K, committed 3264K, reserved 1048576K
}
Event: 45.411 GC heap after
{Heap after GC invocations=25 (full 0):
 garbage-first heap   total 114688K, used 23702K [0x0000000604800000, 0x0000000800000000)
  region size 4096K, 1 young (4096K), 1 survivors (4096K)
 Metaspace       used 31048K, committed 31488K, reserved 1114112K
  class space    used 3051K, committed 3264K, reserved 1048576K
}

