# JRE version: OpenJDK Runtime Environment Corretto-21.0.2.13.1 (21.0.2+13) (build 21.0.2+13-LTS)
# Java VM: OpenJDK 64-Bit Server VM Corretto-21.0.2.13.1 (21.0.2+13-LTS, mixed mode, sharing, tiered, compressed oops, compressed class ptrs, g1 gc, windows-amd64)
GC Precious Log:
 CardTable entry size: 512
 Card Set container configuration: InlinePtr #cards 4 size 8 Array Of Cards #cards 32 size 80 Howl #buckets 8 coarsen threshold 7372 Howl Bitmap #cards 1024 size 144 coarsen threshold 921 Card regions per heap region 1 cards per card region 8192
 CPUs: 32 total, 32 available
 Memory: 32475M
 Large Page Support: Disabled
 NUMA Support: Disabled
 Compressed Oops: Enabled (Zero based)
 Heap Region Size: 4M
 Heap Min Capacity: 8M
 Heap Initial Capacity: 508M
 Heap Max Capacity: 8120M
 Pre-touch: Disabled
 Parallel Workers: 23
 Concurrent Workers: 6
 Concurrent Refinement Workers: 23
 Periodic GC: Disabled
Heap:
 garbage-first heap   total 114688K, used 28689K [0x0000000604800000, 0x0000000800000000)
  region size 4096K, 3 young (12288K), 1 survivors (4096K)
 Metaspace       used 31059K, committed 31488K, reserved 1114112K
  class space    used 3060K, committed 3264K, reserved 1048576K
GC Heap History (20 events):
Event: 26.742 GC heap before
{Heap before GC invocations=37 (full 0):
 garbage-first heap   total 114688K, used 86031K [0x0000000604800000, 0x0000000800000000)
  region size 4096K, 16 young (65536K), 1 survivors (4096K)
 Metaspace       used 31056K, committed 31488K, reserved 1114112K
  class space    used 3060K, committed 3264K, reserved 1048576K
}
Event: 26.742 GC heap after
{Heap after GC invocations=38 (full 0):
 garbage-first heap   total 114688K, used 24590K [0x0000000604800000, 0x0000000800000000)
  region size 4096K, 1 young (4096K), 1 survivors (4096K)
 Metaspace       used 31056K, committed 31488K, reserved 1114112K
  class space    used 3060K, committed 3264K, reserved 1048576K
}
Event: 29.242 GC heap before
{Heap before GC invocations=38 (full 0):
 garbage-first heap   total 114688K, used 86030K [0x0000000604800000, 0x0000000800000000)
  region size 4096K, 16 young (65536K), 1 survivors (4096K)
 Metaspace       used 31056K, committed 31488K, reserved 1114112K
  class space    used 3060K, committed 3264K, reserved 1048576K
}
Event: 29.242 GC heap after
{Heap after GC invocations=39 (full 0):
 garbage-first heap   total 114688K, used 24593K [0x0000000604800000, 0x0000000800000000)
  region size 4096K, 1 young (4096K), 1 survivors (4096K)
 Metaspace       used 31056K, committed 31488K, reserved 1114112K
  class space    used 3060K, committed 3264K, reserved 1048576K
}
Event: 31.742 GC heap before
{Heap before GC invocations=39 (full 0):
 garbage-first heap   total 114688K, used 86033K [0x0000000604800000, 0x0000000800000000)
  region size 4096K, 16 young (65536K), 1 survivors (4096K)
 Metaspace       used 31056K, committed 31488K, reserved 1114112K
  class space    used 3060K, committed 3264K, reserved 1048576K
}
Event: 31.743 GC heap after
{Heap after GC invocations=40 (full 0):
 garbage-first heap   total 114688K, used 24593K [0x0000000604800000, 0x0000000800000000)
  region size 4096K, 1 young (4096K), 1 survivors (4096K)
 Metaspace       used 31056K, committed 31488K, reserved 1114112K
  class space    used 3060K, committed 3264K, reserved 1048576K
}
Event: 34.242 GC heap before
{Heap before GC invocations=40 (full 0):
 garbage-first heap   total 114688K, used 86033K [0x0000000604800000, 0x0000000800000000)
  region size 4096K, 16 young (65536K), 1 survivors (4096K)
 Metaspace       used 31056K, committed 31488K, reserved 1114112K
  class space    used 3060K, committed 3264K, reserved 1048576K
}
Event: 34.243 GC heap after
{Heap after GC invocations=41 (full 0):
 garbage-first heap   total 114688K, used 24592K [0x0000000604800000, 0x0000000800000000)
  region size 4096K, 1 young (4096K), 1 survivors (4096K)
 Metaspace       used 31056K, committed 31488K, reserved 1114112K
  class space    used 3060K, committed 3264K, reserved 1048576K
}
Event: 36.743 GC heap before
{Heap before GC invocations=41 (full 0):
 garbage-first heap   total 114688K, used 86032K [0x0000000604800000, 0x0000000800000000)
  region size 4096K, 16 young (65536K), 1 survivors (4096K)
 Metaspace       used 31056K, committed 31488K, reserved 1114112K
  class space    used 3060K, committed 3264K, reserved 1048576K
}
Event: 36.743 GC heap after
{Heap after GC invocations=42 (full 0):
 garbage-first heap   total 114688K, used 24593K [0x0000000604800000, 0x0000000800000000)
  region size 4096K, 1 young (4096K), 1 survivors (4096K)
 Metaspace       used 31056K, committed 31488K, reserved 1114112K
  class space    used 3060K, committed 3264K, reserved 1048576K
}
Event: 39.243 GC heap before
{Heap before GC invocations=42 (full 0):
 garbage-first heap   total 114688K, used 86033K [0x0000000604800000, 0x0000000800000000)
  region size 4096K, 16 young (65536K), 1 survivors (4096K)
 Metaspace       used 31056K, committed 31488K, reserved 1114112K
  class space    used 3060K, committed 3264K, reserved 1048576K
}
Event: 39.243 GC heap after
{Heap after GC invocations=43 (full 0):
 garbage-first heap   total 114688K, used 24593K [0x0000000604800000, 0x0000000800000000)
  region size 4096K, 1 young (4096K), 1 survivors (4096K)
 Metaspace       used 31056K, committed 31488K, reserved 1114112K
  class space    used 3060K, committed 3264K, reserved 1048576K
}
Event: 41.743 GC heap before
{Heap before GC invocations=43 (full 0):
 garbage-first heap   total 114688K, used 86033K [0x0000000604800000, 0x0000000800000000)
  region size 4096K, 16 young (65536K), 1 survivors (4096K)
 Metaspace       used 31056K, committed 31488K, reserved 1114112K
  class space    used 3060K, committed 3264K, reserved 1048576K
}
Event: 41.743 GC heap after
{Heap after GC invocations=44 (full 0):
 garbage-first heap   total 114688K, used 24593K [0x0000000604800000, 0x0000000800000000)
  region size 4096K, 1 young (4096K), 1 survivors (4096K)
 Metaspace       used 31056K, committed 31488K, reserved 1114112K
  class space    used 3060K, committed 3264K, reserved 1048576K
}
Event: 44.243 GC heap before
{Heap before GC invocations=44 (full 0):
 garbage-first heap   total 114688K, used 86033K [0x0000000604800000, 0x0000000800000000)
  region size 4096K, 16 young (65536K), 1 survivors (4096K)
 Metaspace       used 31056K, committed 31488K, reserved 1114112K
  class space    used 3060K, committed 3264K, reserved 1048576K
}
Event: 44.243 GC heap after
{Heap after GC invocations=45 (full 0):
 garbage-first heap   total 114688K, used 24594K [0x0000000604800000, 0x0000000800000000)
  region size 4096K, 1 young (4096K), 1 survivors (4096K)
 Metaspace       used 31056K, committed 31488K, reserved 1114112K
  class space    used 3060K, committed 3264K, reserved 1048576K
}
Event: 46.746 GC heap before
{Heap before GC invocations=45 (full 0):
 garbage-first heap   total 114688K, used 86034K [0x0000000604800000, 0x0000000800000000)
  region size 4096K, 16 young (65536K), 1 survivors (4096K)
 Metaspace       used 31056K, committed 31488K, reserved 1114112K
  class space    used 3060K, committed 3264K, reserved 1048576K
}
Event: 46.746 GC heap after
{Heap after GC invocations=46 (full 0):
 garbage-first heap   total 114688K, used 24593K [0x0000000604800000, 0x0000000800000000)
  region size 4096K, 1 young (4096K), 1 survivors (4096K)
 Metaspace       used 31056K, committed 31488K, reserved 1114112K
  class space    used 3060K, committed 3264K, reserved 1048576K
}
Event: 49.244 GC heap before
{Heap before GC invocations=46 (full 0):
 garbage-first heap   total 114688K, used 86033K [0x0000000604800000, 0x0000000800000000)
  region size 4096K, 16 young (65536K), 1 survivors (4096K)
 Metaspace       used 31056K, committed 31488K, reserved 1114112K
  class space    used 3060K, committed 3264K, reserved 1048576K
}
Event: 49.244 GC heap after
{Heap after GC invocations=47 (full 0):
 garbage-first heap   total 114688K, used 24593K [0x0000000604800000, 0x0000000800000000)
  region size 4096K, 1 young (4096K), 1 survivors (4096K)
 Metaspace       used 31056K, committed 31488K, reserved 1114112K
  class space    used 3060K, committed 3264K, reserved 1048576K
}

