# JRE version: OpenJDK Runtime Environment Corretto-21.0.2.13.1 (21.0.2+13) (build 21.0.2+13-LTS)
# Java VM: OpenJDK 64-Bit Server VM Corretto-21.0.2.13.1 (21.0.2+13-LTS, mixed mode, sharing, tiered, compressed oops, compressed class ptrs, g1 gc, windows-amd64)
GC Precious Log:
 CardTable entry size: 512
 Card Set container configuration: InlinePtr #cards 4 size 8 Array Of Cards #cards 32 size 80 Howl #buckets 8 coarsen threshold 7372 Howl Bitmap #cards 1024 size 144 coarsen threshold 921 Card regions per heap region 1 cards per card region 8192
 CPUs: 32 total, 32 available
 Memory: 32475M
 Large Page Support: Disabled
 NUMA Support: Disabled
 Compressed Oops: Enabled (Zero based)
 Heap Region Size: 4M
 Heap Min Capacity: 8M
 Heap Initial Capacity: 508M
 Heap Max Capacity: 8120M
 Pre-touch: Disabled
 Parallel Workers: 23
 Concurrent Workers: 6
 Concurrent Refinement Workers: 23
 Periodic GC: Disabled
Heap:
 garbage-first heap   total 114688K, used 49020K [0x0000000604800000, 0x0000000800000000)
  region size 4096K, 8 young (32768K), 1 survivors (4096K)
 Metaspace       used 31094K, committed 31552K, reserved 1114112K
  class space    used 3059K, committed 3264K, reserved 1048576K
GC Heap History (20 events):
Event: 5.696 GC heap before
{Heap before GC invocations=8 (full 0):
 garbage-first heap   total 114688K, used 86330K [0x0000000604800000, 0x0000000800000000)
  region size 4096K, 16 young (65536K), 1 survivors (4096K)
 Metaspace       used 31091K, committed 31552K, reserved 1114112K
  class space    used 3059K, committed 3264K, reserved 1048576K
}
Event: 5.698 GC heap after
{Heap after GC invocations=9 (full 0):
 garbage-first heap   total 114688K, used 24596K [0x0000000604800000, 0x0000000800000000)
  region size 4096K, 1 young (4096K), 1 survivors (4096K)
 Metaspace       used 31091K, committed 31552K, reserved 1114112K
  class space    used 3059K, committed 3264K, reserved 1048576K
}
Event: 6.274 GC heap before
{Heap before GC invocations=9 (full 0):
 garbage-first heap   total 114688K, used 86036K [0x0000000604800000, 0x0000000800000000)
  region size 4096K, 16 young (65536K), 1 survivors (4096K)
 Metaspace       used 31091K, committed 31552K, reserved 1114112K
  class space    used 3059K, committed 3264K, reserved 1048576K
}
Event: 6.276 GC heap after
{Heap after GC invocations=10 (full 0):
 garbage-first heap   total 114688K, used 24708K [0x0000000604800000, 0x0000000800000000)
  region size 4096K, 1 young (4096K), 1 survivors (4096K)
 Metaspace       used 31091K, committed 31552K, reserved 1114112K
  class space    used 3059K, committed 3264K, reserved 1048576K
}
Event: 6.770 GC heap before
{Heap before GC invocations=10 (full 0):
 garbage-first heap   total 114688K, used 86148K [0x0000000604800000, 0x0000000800000000)
  region size 4096K, 16 young (65536K), 1 survivors (4096K)
 Metaspace       used 31091K, committed 31552K, reserved 1114112K
  class space    used 3059K, committed 3264K, reserved 1048576K
}
Event: 6.772 GC heap after
{Heap after GC invocations=11 (full 0):
 garbage-first heap   total 114688K, used 24574K [0x0000000604800000, 0x0000000800000000)
  region size 4096K, 1 young (4096K), 1 survivors (4096K)
 Metaspace       used 31091K, committed 31552K, reserved 1114112K
  class space    used 3059K, committed 3264K, reserved 1048576K
}
Event: 7.266 GC heap before
{Heap before GC invocations=11 (full 0):
 garbage-first heap   total 114688K, used 86014K [0x0000000604800000, 0x0000000800000000)
  region size 4096K, 16 young (65536K), 1 survivors (4096K)
 Metaspace       used 31091K, committed 31552K, reserved 1114112K
  class space    used 3059K, committed 3264K, reserved 1048576K
}
Event: 7.268 GC heap after
{Heap after GC invocations=12 (full 0):
 garbage-first heap   total 114688K, used 24478K [0x0000000604800000, 0x0000000800000000)
  region size 4096K, 1 young (4096K), 1 survivors (4096K)
 Metaspace       used 31091K, committed 31552K, reserved 1114112K
  class space    used 3059K, committed 3264K, reserved 1048576K
}
Event: 7.807 GC heap before
{Heap before GC invocations=12 (full 0):
 garbage-first heap   total 114688K, used 85918K [0x0000000604800000, 0x0000000800000000)
  region size 4096K, 16 young (65536K), 1 survivors (4096K)
 Metaspace       used 31091K, committed 31552K, reserved 1114112K
  class space    used 3059K, committed 3264K, reserved 1048576K
}
Event: 7.809 GC heap after
{Heap after GC invocations=13 (full 0):
 garbage-first heap   total 114688K, used 24586K [0x0000000604800000, 0x0000000800000000)
  region size 4096K, 1 young (4096K), 1 survivors (4096K)
 Metaspace       used 31091K, committed 31552K, reserved 1114112K
  class space    used 3059K, committed 3264K, reserved 1048576K
}
Event: 8.303 GC heap before
{Heap before GC invocations=13 (full 0):
 garbage-first heap   total 114688K, used 86026K [0x0000000604800000, 0x0000000800000000)
  region size 4096K, 16 young (65536K), 1 survivors (4096K)
 Metaspace       used 31091K, committed 31552K, reserved 1114112K
  class space    used 3059K, committed 3264K, reserved 1048576K
}
Event: 8.305 GC heap after
{Heap after GC invocations=14 (full 0):
 garbage-first heap   total 114688K, used 24545K [0x0000000604800000, 0x0000000800000000)
  region size 4096K, 1 young (4096K), 1 survivors (4096K)
 Metaspace       used 31091K, committed 31552K, reserved 1114112K
  class space    used 3059K, committed 3264K, reserved 1048576K
}
Event: 8.799 GC heap before
{Heap before GC invocations=14 (full 0):
 garbage-first heap   total 114688K, used 85985K [0x0000000604800000, 0x0000000800000000)
  region size 4096K, 16 young (65536K), 1 survivors (4096K)
 Metaspace       used 31091K, committed 31552K, reserved 1114112K
  class space    used 3059K, committed 3264K, reserved 1048576K
}
Event: 8.801 GC heap after
{Heap after GC invocations=15 (full 0):
 garbage-first heap   total 114688K, used 24651K [0x0000000604800000, 0x0000000800000000)
  region size 4096K, 1 young (4096K), 1 survivors (4096K)
 Metaspace       used 31091K, committed 31552K, reserved 1114112K
  class space    used 3059K, committed 3264K, reserved 1048576K
}
Event: 9.292 GC heap before
{Heap before GC invocations=15 (full 0):
 garbage-first heap   total 114688K, used 86091K [0x0000000604800000, 0x0000000800000000)
  region size 4096K, 16 young (65536K), 1 survivors (4096K)
 Metaspace       used 31092K, committed 31552K, reserved 1114112K
  class space    used 3059K, committed 3264K, reserved 1048576K
}
Event: 9.295 GC heap after
{Heap after GC invocations=16 (full 0):
 garbage-first heap   total 114688K, used 24450K [0x0000000604800000, 0x0000000800000000)
  region size 4096K, 1 young (4096K), 1 survivors (4096K)
 Metaspace       used 31092K, committed 31552K, reserved 1114112K
  class space    used 3059K, committed 3264K, reserved 1048576K
}
Event: 9.789 GC heap before
{Heap before GC invocations=16 (full 0):
 garbage-first heap   total 114688K, used 85890K [0x0000000604800000, 0x0000000800000000)
  region size 4096K, 16 young (65536K), 1 survivors (4096K)
 Metaspace       used 31092K, committed 31552K, reserved 1114112K
  class space    used 3059K, committed 3264K, reserved 1048576K
}
Event: 9.791 GC heap after
{Heap after GC invocations=17 (full 0):
 garbage-first heap   total 114688K, used 24574K [0x0000000604800000, 0x0000000800000000)
  region size 4096K, 1 young (4096K), 1 survivors (4096K)
 Metaspace       used 31092K, committed 31552K, reserved 1114112K
  class space    used 3059K, committed 3264K, reserved 1048576K
}
Event: 10.285 GC heap before
{Heap before GC invocations=17 (full 0):
 garbage-first heap   total 114688K, used 86014K [0x0000000604800000, 0x0000000800000000)
  region size 4096K, 16 young (65536K), 1 survivors (4096K)
 Metaspace       used 31092K, committed 31552K, reserved 1114112K
  class space    used 3059K, committed 3264K, reserved 1048576K
}
Event: 10.287 GC heap after
{Heap after GC invocations=18 (full 0):
 garbage-first heap   total 114688K, used 24444K [0x0000000604800000, 0x0000000800000000)
  region size 4096K, 1 young (4096K), 1 survivors (4096K)
 Metaspace       used 31092K, committed 31552K, reserved 1114112K
  class space    used 3059K, committed 3264K, reserved 1048576K
}

