# JRE version: OpenJDK Runtime Environment Corretto-21.0.2.13.1 (21.0.2+13) (build 21.0.2+13-LTS)
# Java VM: OpenJDK 64-Bit Server VM Corretto-21.0.2.13.1 (21.0.2+13-LTS, mixed mode, sharing, tiered, compressed oops, compressed class ptrs, g1 gc, windows-amd64)
GC Precious Log:
 CardTable entry size: 512
 Card Set container configuration: InlinePtr #cards 4 size 8 Array Of Cards #cards 32 size 80 Howl #buckets 8 coarsen threshold 7372 Howl Bitmap #cards 1024 size 144 coarsen threshold 921 Card regions per heap region 1 cards per card region 8192
 CPUs: 32 total, 32 available
 Memory: 32475M
 Large Page Support: Disabled
 NUMA Support: Disabled
 Compressed Oops: Enabled (Zero based)
 Heap Region Size: 4M
 Heap Min Capacity: 8M
 Heap Initial Capacity: 508M
 Heap Max Capacity: 8120M
 Pre-touch: Disabled
 Parallel Workers: 23
 Concurrent Workers: 6
 Concurrent Refinement Workers: 23
 Periodic GC: Disabled
Heap:
 garbage-first heap   total 114688K, used 28546K [0x0000000604800000, 0x0000000800000000)
  region size 4096K, 3 young (12288K), 1 survivors (4096K)
 Metaspace       used 31089K, committed 31488K, reserved 1114112K
  class space    used 3059K, committed 3264K, reserved 1048576K
GC Heap History (20 events):
Event: 18.965 GC heap before
{Heap before GC invocations=25 (full 0):
 garbage-first heap   total 114688K, used 85883K [0x0000000604800000, 0x0000000800000000)
  region size 4096K, 16 young (65536K), 1 survivors (4096K)
 Metaspace       used 31086K, committed 31488K, reserved 1114112K
  class space    used 3059K, committed 3264K, reserved 1048576K
}
Event: 18.965 GC heap after
{Heap after GC invocations=26 (full 0):
 garbage-first heap   total 114688K, used 24443K [0x0000000604800000, 0x0000000800000000)
  region size 4096K, 1 young (4096K), 1 survivors (4096K)
 Metaspace       used 31086K, committed 31488K, reserved 1114112K
  class space    used 3059K, committed 3264K, reserved 1048576K
}
Event: 19.702 GC heap before
{Heap before GC invocations=26 (full 0):
 garbage-first heap   total 114688K, used 85883K [0x0000000604800000, 0x0000000800000000)
  region size 4096K, 16 young (65536K), 1 survivors (4096K)
 Metaspace       used 31086K, committed 31488K, reserved 1114112K
  class space    used 3059K, committed 3264K, reserved 1048576K
}
Event: 19.702 GC heap after
{Heap after GC invocations=27 (full 0):
 garbage-first heap   total 114688K, used 24443K [0x0000000604800000, 0x0000000800000000)
  region size 4096K, 1 young (4096K), 1 survivors (4096K)
 Metaspace       used 31086K, committed 31488K, reserved 1114112K
  class space    used 3059K, committed 3264K, reserved 1048576K
}
Event: 20.439 GC heap before
{Heap before GC invocations=27 (full 0):
 garbage-first heap   total 114688K, used 85883K [0x0000000604800000, 0x0000000800000000)
  region size 4096K, 16 young (65536K), 1 survivors (4096K)
 Metaspace       used 31086K, committed 31488K, reserved 1114112K
  class space    used 3059K, committed 3264K, reserved 1048576K
}
Event: 20.439 GC heap after
{Heap after GC invocations=28 (full 0):
 garbage-first heap   total 114688K, used 24447K [0x0000000604800000, 0x0000000800000000)
  region size 4096K, 1 young (4096K), 1 survivors (4096K)
 Metaspace       used 31086K, committed 31488K, reserved 1114112K
  class space    used 3059K, committed 3264K, reserved 1048576K
}
Event: 21.176 GC heap before
{Heap before GC invocations=28 (full 0):
 garbage-first heap   total 114688K, used 85887K [0x0000000604800000, 0x0000000800000000)
  region size 4096K, 16 young (65536K), 1 survivors (4096K)
 Metaspace       used 31086K, committed 31488K, reserved 1114112K
  class space    used 3059K, committed 3264K, reserved 1048576K
}
Event: 21.176 GC heap after
{Heap after GC invocations=29 (full 0):
 garbage-first heap   total 114688K, used 24445K [0x0000000604800000, 0x0000000800000000)
  region size 4096K, 1 young (4096K), 1 survivors (4096K)
 Metaspace       used 31086K, committed 31488K, reserved 1114112K
  class space    used 3059K, committed 3264K, reserved 1048576K
}
Event: 21.913 GC heap before
{Heap before GC invocations=29 (full 0):
 garbage-first heap   total 114688K, used 85885K [0x0000000604800000, 0x0000000800000000)
  region size 4096K, 16 young (65536K), 1 survivors (4096K)
 Metaspace       used 31086K, committed 31488K, reserved 1114112K
  class space    used 3059K, committed 3264K, reserved 1048576K
}
Event: 21.913 GC heap after
{Heap after GC invocations=30 (full 0):
 garbage-first heap   total 114688K, used 24446K [0x0000000604800000, 0x0000000800000000)
  region size 4096K, 1 young (4096K), 1 survivors (4096K)
 Metaspace       used 31086K, committed 31488K, reserved 1114112K
  class space    used 3059K, committed 3264K, reserved 1048576K
}
Event: 22.650 GC heap before
{Heap before GC invocations=30 (full 0):
 garbage-first heap   total 114688K, used 85886K [0x0000000604800000, 0x0000000800000000)
  region size 4096K, 16 young (65536K), 1 survivors (4096K)
 Metaspace       used 31086K, committed 31488K, reserved 1114112K
  class space    used 3059K, committed 3264K, reserved 1048576K
}
Event: 22.650 GC heap after
{Heap after GC invocations=31 (full 0):
 garbage-first heap   total 114688K, used 24445K [0x0000000604800000, 0x0000000800000000)
  region size 4096K, 1 young (4096K), 1 survivors (4096K)
 Metaspace       used 31086K, committed 31488K, reserved 1114112K
  class space    used 3059K, committed 3264K, reserved 1048576K
}
Event: 23.387 GC heap before
{Heap before GC invocations=31 (full 0):
 garbage-first heap   total 114688K, used 85885K [0x0000000604800000, 0x0000000800000000)
  region size 4096K, 16 young (65536K), 1 survivors (4096K)
 Metaspace       used 31086K, committed 31488K, reserved 1114112K
  class space    used 3059K, committed 3264K, reserved 1048576K
}
Event: 23.387 GC heap after
{Heap after GC invocations=32 (full 0):
 garbage-first heap   total 114688K, used 24445K [0x0000000604800000, 0x0000000800000000)
  region size 4096K, 1 young (4096K), 1 survivors (4096K)
 Metaspace       used 31086K, committed 31488K, reserved 1114112K
  class space    used 3059K, committed 3264K, reserved 1048576K
}
Event: 24.124 GC heap before
{Heap before GC invocations=32 (full 0):
 garbage-first heap   total 114688K, used 85885K [0x0000000604800000, 0x0000000800000000)
  region size 4096K, 16 young (65536K), 1 survivors (4096K)
 Metaspace       used 31086K, committed 31488K, reserved 1114112K
  class space    used 3059K, committed 3264K, reserved 1048576K
}
Event: 24.124 GC heap after
{Heap after GC invocations=33 (full 0):
 garbage-first heap   total 114688K, used 24450K [0x0000000604800000, 0x0000000800000000)
  region size 4096K, 1 young (4096K), 1 survivors (4096K)
 Metaspace       used 31086K, committed 31488K, reserved 1114112K
  class space    used 3059K, committed 3264K, reserved 1048576K
}
Event: 24.861 GC heap before
{Heap before GC invocations=33 (full 0):
 garbage-first heap   total 114688K, used 85890K [0x0000000604800000, 0x0000000800000000)
  region size 4096K, 16 young (65536K), 1 survivors (4096K)
 Metaspace       used 31086K, committed 31488K, reserved 1114112K
  class space    used 3059K, committed 3264K, reserved 1048576K
}
Event: 24.861 GC heap after
{Heap after GC invocations=34 (full 0):
 garbage-first heap   total 114688K, used 24445K [0x0000000604800000, 0x0000000800000000)
  region size 4096K, 1 young (4096K), 1 survivors (4096K)
 Metaspace       used 31086K, committed 31488K, reserved 1114112K
  class space    used 3059K, committed 3264K, reserved 1048576K
}
Event: 25.602 GC heap before
{Heap before GC invocations=34 (full 0):
 garbage-first heap   total 114688K, used 85885K [0x0000000604800000, 0x0000000800000000)
  region size 4096K, 16 young (65536K), 1 survivors (4096K)
 Metaspace       used 31086K, committed 31488K, reserved 1114112K
  class space    used 3059K, committed 3264K, reserved 1048576K
}
Event: 25.602 GC heap after
{Heap after GC invocations=35 (full 0):
 garbage-first heap   total 114688K, used 24450K [0x0000000604800000, 0x0000000800000000)
  region size 4096K, 1 young (4096K), 1 survivors (4096K)
 Metaspace       used 31086K, committed 31488K, reserved 1114112K
  class space    used 3059K, committed 3264K, reserved 1048576K
}

