# JRE version: OpenJDK Runtime Environment Corretto-21.0.2.13.1 (21.0.2+13) (build 21.0.2+13-LTS)
# Java VM: OpenJDK 64-Bit Server VM Corretto-21.0.2.13.1 (21.0.2+13-LTS, mixed mode, sharing, tiered, compressed oops, compressed class ptrs, g1 gc, windows-amd64)
GC Precious Log:
 CardTable entry size: 512
 Card Set container configuration: InlinePtr #cards 4 size 8 Array Of Cards #cards 32 size 80 Howl #buckets 8 coarsen threshold 7372 Howl Bitmap #cards 1024 size 144 coarsen threshold 921 Card regions per heap region 1 cards per card region 8192
 CPUs: 32 total, 32 available
 Memory: 32475M
 Large Page Support: Disabled
 NUMA Support: Disabled
 Compressed Oops: Enabled (Zero based)
 Heap Region Size: 4M
 Heap Min Capacity: 8M
 Heap Initial Capacity: 508M
 Heap Max Capacity: 8120M
 Pre-touch: Disabled
 Parallel Workers: 23
 Concurrent Workers: 6
 Concurrent Refinement Workers: 23
 Periodic GC: Disabled
Heap:
 garbage-first heap   total 114688K, used 73782K [0x0000000604800000, 0x0000000800000000)
  region size 4096K, 14 young (57344K), 1 survivors (4096K)
 Metaspace       used 31141K, committed 31552K, reserved 1114112K
  class space    used 3059K, committed 3264K, reserved 1048576K
GC Heap History (20 events):
Event: 122.615 GC heap before
{Heap before GC invocations=303 (full 0):
 garbage-first heap   total 114688K, used 86069K [0x0000000604800000, 0x0000000800000000)
  region size 4096K, 16 young (65536K), 1 survivors (4096K)
 Metaspace       used 31138K, committed 31552K, reserved 1114112K
  class space    used 3059K, committed 3264K, reserved 1048576K
}
Event: 122.615 GC heap after
{Heap after GC invocations=304 (full 0):
 garbage-first heap   total 114688K, used 24629K [0x0000000604800000, 0x0000000800000000)
  region size 4096K, 1 young (4096K), 1 survivors (4096K)
 Metaspace       used 31138K, committed 31552K, reserved 1114112K
  class space    used 3059K, committed 3264K, reserved 1048576K
}
Event: 123.005 GC heap before
{Heap before GC invocations=304 (full 0):
 garbage-first heap   total 114688K, used 86069K [0x0000000604800000, 0x0000000800000000)
  region size 4096K, 16 young (65536K), 1 survivors (4096K)
 Metaspace       used 31138K, committed 31552K, reserved 1114112K
  class space    used 3059K, committed 3264K, reserved 1048576K
}
Event: 123.005 GC heap after
{Heap after GC invocations=305 (full 0):
 garbage-first heap   total 114688K, used 24630K [0x0000000604800000, 0x0000000800000000)
  region size 4096K, 1 young (4096K), 1 survivors (4096K)
 Metaspace       used 31138K, committed 31552K, reserved 1114112K
  class space    used 3059K, committed 3264K, reserved 1048576K
}
Event: 123.397 GC heap before
{Heap before GC invocations=305 (full 0):
 garbage-first heap   total 114688K, used 86070K [0x0000000604800000, 0x0000000800000000)
  region size 4096K, 16 young (65536K), 1 survivors (4096K)
 Metaspace       used 31138K, committed 31552K, reserved 1114112K
  class space    used 3059K, committed 3264K, reserved 1048576K
}
Event: 123.398 GC heap after
{Heap after GC invocations=306 (full 0):
 garbage-first heap   total 114688K, used 24629K [0x0000000604800000, 0x0000000800000000)
  region size 4096K, 1 young (4096K), 1 survivors (4096K)
 Metaspace       used 31138K, committed 31552K, reserved 1114112K
  class space    used 3059K, committed 3264K, reserved 1048576K
}
Event: 123.789 GC heap before
{Heap before GC invocations=306 (full 0):
 garbage-first heap   total 114688K, used 86069K [0x0000000604800000, 0x0000000800000000)
  region size 4096K, 16 young (65536K), 1 survivors (4096K)
 Metaspace       used 31138K, committed 31552K, reserved 1114112K
  class space    used 3059K, committed 3264K, reserved 1048576K
}
Event: 123.790 GC heap after
{Heap after GC invocations=307 (full 0):
 garbage-first heap   total 114688K, used 24634K [0x0000000604800000, 0x0000000800000000)
  region size 4096K, 1 young (4096K), 1 survivors (4096K)
 Metaspace       used 31138K, committed 31552K, reserved 1114112K
  class space    used 3059K, committed 3264K, reserved 1048576K
}
Event: 124.182 GC heap before
{Heap before GC invocations=307 (full 0):
 garbage-first heap   total 114688K, used 86074K [0x0000000604800000, 0x0000000800000000)
  region size 4096K, 16 young (65536K), 1 survivors (4096K)
 Metaspace       used 31138K, committed 31552K, reserved 1114112K
  class space    used 3059K, committed 3264K, reserved 1048576K
}
Event: 124.183 GC heap after
{Heap after GC invocations=308 (full 0):
 garbage-first heap   total 114688K, used 24631K [0x0000000604800000, 0x0000000800000000)
  region size 4096K, 1 young (4096K), 1 survivors (4096K)
 Metaspace       used 31138K, committed 31552K, reserved 1114112K
  class space    used 3059K, committed 3264K, reserved 1048576K
}
Event: 124.575 GC heap before
{Heap before GC invocations=308 (full 0):
 garbage-first heap   total 114688K, used 86071K [0x0000000604800000, 0x0000000800000000)
  region size 4096K, 16 young (65536K), 1 survivors (4096K)
 Metaspace       used 31138K, committed 31552K, reserved 1114112K
  class space    used 3059K, committed 3264K, reserved 1048576K
}
Event: 124.575 GC heap after
{Heap after GC invocations=309 (full 0):
 garbage-first heap   total 114688K, used 24631K [0x0000000604800000, 0x0000000800000000)
  region size 4096K, 1 young (4096K), 1 survivors (4096K)
 Metaspace       used 31138K, committed 31552K, reserved 1114112K
  class space    used 3059K, committed 3264K, reserved 1048576K
}
Event: 124.967 GC heap before
{Heap before GC invocations=309 (full 0):
 garbage-first heap   total 114688K, used 86071K [0x0000000604800000, 0x0000000800000000)
  region size 4096K, 16 young (65536K), 1 survivors (4096K)
 Metaspace       used 31138K, committed 31552K, reserved 1114112K
  class space    used 3059K, committed 3264K, reserved 1048576K
}
Event: 124.967 GC heap after
{Heap after GC invocations=310 (full 0):
 garbage-first heap   total 114688K, used 24704K [0x0000000604800000, 0x0000000800000000)
  region size 4096K, 1 young (4096K), 1 survivors (4096K)
 Metaspace       used 31138K, committed 31552K, reserved 1114112K
  class space    used 3059K, committed 3264K, reserved 1048576K
}
Event: 125.360 GC heap before
{Heap before GC invocations=310 (full 0):
 garbage-first heap   total 114688K, used 86144K [0x0000000604800000, 0x0000000800000000)
  region size 4096K, 16 young (65536K), 1 survivors (4096K)
 Metaspace       used 31138K, committed 31552K, reserved 1114112K
  class space    used 3059K, committed 3264K, reserved 1048576K
}
Event: 125.360 GC heap after
{Heap after GC invocations=311 (full 0):
 garbage-first heap   total 114688K, used 24634K [0x0000000604800000, 0x0000000800000000)
  region size 4096K, 1 young (4096K), 1 survivors (4096K)
 Metaspace       used 31138K, committed 31552K, reserved 1114112K
  class space    used 3059K, committed 3264K, reserved 1048576K
}
Event: 126.108 GC heap before
{Heap before GC invocations=311 (full 0):
 garbage-first heap   total 114688K, used 86074K [0x0000000604800000, 0x0000000800000000)
  region size 4096K, 16 young (65536K), 1 survivors (4096K)
 Metaspace       used 31138K, committed 31552K, reserved 1114112K
  class space    used 3059K, committed 3264K, reserved 1048576K
}
Event: 126.109 GC heap after
{Heap after GC invocations=312 (full 0):
 garbage-first heap   total 114688K, used 24631K [0x0000000604800000, 0x0000000800000000)
  region size 4096K, 1 young (4096K), 1 survivors (4096K)
 Metaspace       used 31138K, committed 31552K, reserved 1114112K
  class space    used 3059K, committed 3264K, reserved 1048576K
}
Event: 126.501 GC heap before
{Heap before GC invocations=312 (full 0):
 garbage-first heap   total 114688K, used 86071K [0x0000000604800000, 0x0000000800000000)
  region size 4096K, 16 young (65536K), 1 survivors (4096K)
 Metaspace       used 31138K, committed 31552K, reserved 1114112K
  class space    used 3059K, committed 3264K, reserved 1048576K
}
Event: 126.501 GC heap after
{Heap after GC invocations=313 (full 0):
 garbage-first heap   total 114688K, used 24630K [0x0000000604800000, 0x0000000800000000)
  region size 4096K, 1 young (4096K), 1 survivors (4096K)
 Metaspace       used 31138K, committed 31552K, reserved 1114112K
  class space    used 3059K, committed 3264K, reserved 1048576K
}

